This is pdfTeX, Version 3.1415926-1.40.11 (TeX Live 2010) (format=pdflatex 2011.4.13)  13 MAR 2012 20:47
entering extended mode
 \write18 enabled.
 %&-line parsing enabled.
**chapter1.tex
(./chapter1.tex
LaTeX2e <2009/09/24>
Babel <v3.8l> and hyphenation patterns for english, dumylang, nohyphenation, ba
sque, danish, dutch, finnish, french, german, ngerman, swissgerman, hungarian, 
italian, bokmal, nynorsk, polish, portuguese, spanish, swedish, loaded.
! Undefined control sequence.
l.1 \section
            {Introduction}
? 
! Emergency stop.
l.1 \section
            {Introduction}
End of file on the terminal!

 
Here is how much of TeX's memory you used:
 5 strings out of 494749
 130 string characters out of 3170619
 45588 words of memory out of 3000000
 3316 multiletter control sequences out of 15000+200000
 3640 words of font info for 14 fonts, out of 3000000 for 9000
 166 hyphenation exceptions out of 8191
 5i,0n,1p,37b,8s stack positions out of 5000i,500n,10000p,200000b,50000s
!  ==> Fatal error occurred, no output PDF file produced!
