ArrayBuffer()
ArrayBuffer()
ArrayBuffer()
ArrayBuffer()
ArrayBuffer(Poland/LOCATION, Germany/LOCATION, Slovakia/LOCATION, Germany/LOCATION, France/LOCATION, Commonwealth/ORGANIZATION)
ArrayBuffer(Germany/LOCATION, Europe/LOCATION)
ArrayBuffer(Germany/LOCATION, Europe/LOCATION, Soviet/LOCATION, Union/LOCATION, European/LOCATION)
ArrayBuffer(Britain/LOCATION, Commonwealth/ORGANIZATION, North/LOCATION, Africa/LOCATION)
ArrayBuffer(European/ORGANIZATION, Axis/ORGANIZATION, Soviet/LOCATION, Union/LOCATION)
ArrayBuffer(Japan/LOCATION, China/LOCATION, Asia/LOCATION, United/LOCATION, States/LOCATION, Pacific/LOCATION, Ocean/LOCATION)
ArrayBuffer(Japan/LOCATION, North/LOCATION, Africa/LOCATION, Stalingrad/LOCATION)
ArrayBuffer(Eastern/LOCATION, Europe/LOCATION, Fascist/LOCATION, Italy/LOCATION, Pacific/LOCATION)
ArrayBuffer(Western/ORGANIZATION, Allies/ORGANIZATION, France/LOCATION, Soviet/LOCATION, Union/LOCATION, Germany/LOCATION)
ArrayBuffer(Europe/LOCATION, Berlin/LOCATION)
ArrayBuffer(Japanese/ORGANIZATION, Navy/ORGANIZATION, United/LOCATION, States/LOCATION, Japanese/LOCATION, Archipelago/LOCATION)
ArrayBuffer(Asia/LOCATION, Japan/LOCATION)
ArrayBuffer(Germany/LOCATION, Japan/LOCATION)
ArrayBuffer()
ArrayBuffer(United/ORGANIZATION, Nations/ORGANIZATION, UN/ORGANIZATION)
ArrayBuffer(Soviet/LOCATION, Union/LOCATION, United/LOCATION, States/LOCATION)
ArrayBuffer(Asia/LOCATION, Africa/LOCATION)
ArrayBuffer()
ArrayBuffer()
ArrayBuffer(Eurasia/LOCATION, Africa/LOCATION, Austria-Hungary/LOCATION, Germany/LOCATION, Russia/LOCATION)
ArrayBuffer(United/LOCATION, Kingdom/LOCATION, France/LOCATION, United/LOCATION, States/LOCATION, Italy/LOCATION, Serbia/LOCATION, Romania/LOCATION, Austria-Hungary/LOCATION, Russian/LOCATION, Empire/LOCATION, Eastern/LOCATION, Europe/LOCATION)
ArrayBuffer(Europe/LOCATION)
ArrayBuffer(Germany/LOCATION, Versailles/LOCATION)
ArrayBuffer(Germany/LOCATION, German/LOCATION, Germany/LOCATION)
ArrayBuffer(Soviet/LOCATION, Union/LOCATION)
ArrayBuffer(Lenin/PERSON, Joseph/PERSON, Stalin/PERSON, USSR/ORGANIZATION)
ArrayBuffer(Weimar/LOCATION, Republic/LOCATION)
ArrayBuffer(Germany/LOCATION)
ArrayBuffer(Italy/LOCATION)
ArrayBuffer(Italy/LOCATION, Entente/ORGANIZATION, London/LOCATION, Italy/LOCATION)
ArrayBuffer(Benito/PERSON, Mussolini/PERSON, Italy/LOCATION, Italy/LOCATION)
ArrayBuffer(Germany/LOCATION, Nazi/ORGANIZATION, Party/ORGANIZATION, Adolf/PERSON, Hitler/PERSON, Germany/LOCATION)
ArrayBuffer(Nazi/ORGANIZATION, Hitler/PERSON, Germany/LOCATION, Hitler/PERSON, Nazis/ORGANIZATION)
ArrayBuffer(China/LOCATION, China/LOCATION, Chinese/LOCATION)
ArrayBuffer(China/LOCATION, Asia/LOCATION, Mukden/LOCATION, Manchuria/LOCATION, Manchukuo/LOCATION)
ArrayBuffer(Japan/LOCATION, China/LOCATION)
ArrayBuffer(Japan/LOCATION, League/ORGANIZATION, of/ORGANIZATION, Nations/ORGANIZATION, Manchuria/LOCATION)
ArrayBuffer(Shanghai/LOCATION, Rehe/PERSON, Hebei/LOCATION, Tanggu/LOCATION, Truce/LOCATION)
ArrayBuffer(Manchuria/LOCATION, Chahar/PERSON)
ArrayBuffer(Adolf/PERSON, Hitler/PERSON, German/LOCATION, Germany/LOCATION)
ArrayBuffer()
ArrayBuffer(France/LOCATION, Italy/LOCATION, Ethiopia/LOCATION, Italy/LOCATION)
ArrayBuffer(Saar/LOCATION, Basin/LOCATION, Germany/LOCATION, Hitler/PERSON, Versailles/LOCATION)
ArrayBuffer(Germany/LOCATION, United/LOCATION, Kingdom/LOCATION, France/LOCATION, Italy/LOCATION, Stresa/ORGANIZATION, Front/ORGANIZATION)
ArrayBuffer(Soviet/LOCATION, Union/LOCATION, Germany/LOCATION, Europe/LOCATION, France/LOCATION)
ArrayBuffer(League/ORGANIZATION, of/ORGANIZATION, Nations/ORGANIZATION)
ArrayBuffer(United/LOCATION, Kingdom/LOCATION, Germany/LOCATION)
ArrayBuffer(United/LOCATION, States/LOCATION, Europe/LOCATION, Asia/LOCATION)
ArrayBuffer(Italy/LOCATION, Ethiopia/LOCATION, Germany/LOCATION, European/LOCATION)
ArrayBuffer(Italy/LOCATION, Germany/LOCATION, Austria/LOCATION)
ArrayBuffer(Hitler/PERSON, Versailles/LOCATION, Locarno/LOCATION)
ArrayBuffer()
ArrayBuffer(Hitler/PERSON, Mussolini/PERSON, Generalissimo/PERSON, Francisco/PERSON, Franco/PERSON, Spanish/LOCATION, Republic/LOCATION)
ArrayBuffer()
ArrayBuffer()
ArrayBuffer(Germany/LOCATION, Italy/LOCATION)
ArrayBuffer(Germany/LOCATION, Japan/LOCATION, Italy/LOCATION)
ArrayBuffer(China/LOCATION, Japan/LOCATION)
ArrayBuffer()
